This is pdfTeX, Version 3.1415926-2.5-1.40.14 (MiKTeX 2.9) (preloaded format=pdflatex 2015.1.7)  27 MAY 2015 18:42
entering extended mode
**masters.tex

("C:\Users\St. Elmo\Documents\GitHub\Stochastic-Dynamical-Control-Dissertation\
masters.tex"
LaTeX2e <2011/06/27>
Babel <v3.8m> and hyphenation patterns for english, afrikaans, ancientgreek, ar
abic, armenian, assamese, basque, bengali, bokmal, bulgarian, catalan, coptic, 
croatian, czech, danish, dutch, esperanto, estonian, farsi, finnish, french, ga
lician, german, german-x-2013-05-26, greek, gujarati, hindi, hungarian, iceland
ic, indonesian, interlingua, irish, italian, kannada, kurmanji, latin, latvian,
 lithuanian, malayalam, marathi, mongolian, mongolianlmc, monogreek, ngerman, n
german-x-2013-05-26, nynorsk, oriya, panjabi, pinyin, polish, portuguese, roman
ian, russian, sanskrit, serbian, slovak, slovenian, spanish, swedish, swissgerm
an, tamil, telugu, turkish, turkmen, ukenglish, ukrainian, uppersorbian, usengl
ishmax, welsh, loaded.
("C:\Program Files (x86)\MiKTeX 2.9\tex\latex\base\article.cls"
Document Class: article 2007/10/19 v1.4h Standard LaTeX document class
("C:\Program Files (x86)\MiKTeX 2.9\tex\latex\base\fleqn.clo"
File: fleqn.clo 1998/08/17 v1.1c Standard LaTeX option (flush left equations)
\mathindent=\dimen102
)
("C:\Program Files (x86)\MiKTeX 2.9\tex\latex\base\size11.clo"
File: size11.clo 2007/10/19 v1.4h Standard LaTeX file (size option)
)
\c@part=\count79
\c@section=\count80
\c@subsection=\count81
\c@subsubsection=\count82
\c@paragraph=\count83
\c@subparagraph=\count84
\c@figure=\count85
\c@table=\count86
\abovecaptionskip=\skip41
\belowcaptionskip=\skip42
\bibindent=\dimen103
)
("C:\Program Files (x86)\MiKTeX 2.9\tex\latex\ltxmisc\parskip.sty"
Package: parskip 2001/04/09 non-zero parskip adjustments
)
("C:\Program Files (x86)\MiKTeX 2.9\tex\latex\geometry\geometry.sty"
Package: geometry 2010/09/12 v5.6 Page Geometry

("C:\Program Files (x86)\MiKTeX 2.9\tex\latex\graphics\keyval.sty"
Package: keyval 1999/03/16 v1.13 key=value parser (DPC)
\KV@toks@=\toks14
)
("C:\Program Files (x86)\MiKTeX 2.9\tex\generic\oberdiek\ifpdf.sty"
Package: ifpdf 2011/01/30 v2.3 Provides the ifpdf switch (HO)
Package ifpdf Info: pdfTeX in PDF mode is detected.
)
("C:\Program Files (x86)\MiKTeX 2.9\tex\generic\oberdiek\ifvtex.sty"
Package: ifvtex 2010/03/01 v1.5 Detect VTeX and its facilities (HO)
Package ifvtex Info: VTeX not detected.
)
("C:\Program Files (x86)\MiKTeX 2.9\tex\generic\ifxetex\ifxetex.sty"
Package: ifxetex 2010/09/12 v0.6 Provides ifxetex conditional
)
\Gm@cnth=\count87
\Gm@cntv=\count88
\c@Gm@tempcnt=\count89
\Gm@bindingoffset=\dimen104
\Gm@wd@mp=\dimen105
\Gm@odd@mp=\dimen106
\Gm@even@mp=\dimen107
\Gm@layoutwidth=\dimen108
\Gm@layoutheight=\dimen109
\Gm@layouthoffset=\dimen110
\Gm@layoutvoffset=\dimen111
\Gm@dimlist=\toks15

("C:\Program Files (x86)\MiKTeX 2.9\tex\latex\geometry\geometry.cfg"))
("C:\Program Files (x86)\MiKTeX 2.9\tex\latex\fancyhdr\fancyhdr.sty"
\fancy@headwidth=\skip43
\f@ncyO@elh=\skip44
\f@ncyO@erh=\skip45
\f@ncyO@olh=\skip46
\f@ncyO@orh=\skip47
\f@ncyO@elf=\skip48
\f@ncyO@erf=\skip49
\f@ncyO@olf=\skip50
\f@ncyO@orf=\skip51
)
("C:\Program Files (x86)\MiKTeX 2.9\tex\latex\graphics\graphicx.sty"
Package: graphicx 1999/02/16 v1.0f Enhanced LaTeX Graphics (DPC,SPQR)

("C:\Program Files (x86)\MiKTeX 2.9\tex\latex\graphics\graphics.sty"
Package: graphics 2009/02/05 v1.0o Standard LaTeX Graphics (DPC,SPQR)

("C:\Program Files (x86)\MiKTeX 2.9\tex\latex\graphics\trig.sty"
Package: trig 1999/03/16 v1.09 sin cos tan (DPC)
)
("C:\Program Files (x86)\MiKTeX 2.9\tex\latex\00miktex\graphics.cfg"
File: graphics.cfg 2007/01/18 v1.5 graphics configuration of teTeX/TeXLive
)
Package graphics Info: Driver file: pdftex.def on input line 91.

("C:\Program Files (x86)\MiKTeX 2.9\tex\latex\pdftex-def\pdftex.def"
File: pdftex.def 2011/05/27 v0.06d Graphics/color for pdfTeX

("C:\Program Files (x86)\MiKTeX 2.9\tex\generic\oberdiek\infwarerr.sty"
Package: infwarerr 2010/04/08 v1.3 Providing info/warning/error messages (HO)
)
("C:\Program Files (x86)\MiKTeX 2.9\tex\generic\oberdiek\ltxcmds.sty"
Package: ltxcmds 2011/11/09 v1.22 LaTeX kernel commands for general use (HO)
)
\Gread@gobject=\count90
))
\Gin@req@height=\dimen112
\Gin@req@width=\dimen113
)
("C:\Program Files (x86)\MiKTeX 2.9\tex\latex\amsmath\amsmath.sty"
Package: amsmath 2013/01/14 v2.14 AMS math features
\@mathmargin=\skip52

For additional information on amsmath, use the `?' option.
("C:\Program Files (x86)\MiKTeX 2.9\tex\latex\amsmath\amstext.sty"
Package: amstext 2000/06/29 v2.01

("C:\Program Files (x86)\MiKTeX 2.9\tex\latex\amsmath\amsgen.sty"
File: amsgen.sty 1999/11/30 v2.0
\@emptytoks=\toks16
\ex@=\dimen114
))
("C:\Program Files (x86)\MiKTeX 2.9\tex\latex\amsmath\amsbsy.sty"
Package: amsbsy 1999/11/29 v1.2d
\pmbraise@=\dimen115
)
("C:\Program Files (x86)\MiKTeX 2.9\tex\latex\amsmath\amsopn.sty"
Package: amsopn 1999/12/14 v2.01 operator names
)
\inf@bad=\count91
LaTeX Info: Redefining \frac on input line 210.
\uproot@=\count92
\leftroot@=\count93
LaTeX Info: Redefining \overline on input line 306.
\classnum@=\count94
\DOTSCASE@=\count95
LaTeX Info: Redefining \ldots on input line 378.
LaTeX Info: Redefining \dots on input line 381.
LaTeX Info: Redefining \cdots on input line 466.
\Mathstrutbox@=\box26
\strutbox@=\box27
\big@size=\dimen116
LaTeX Font Info:    Redeclaring font encoding OML on input line 566.
LaTeX Font Info:    Redeclaring font encoding OMS on input line 567.
\macc@depth=\count96
\c@MaxMatrixCols=\count97
\dotsspace@=\muskip10
\c@parentequation=\count98
\dspbrk@lvl=\count99
\tag@help=\toks17
\row@=\count100
\column@=\count101
\maxfields@=\count102
\andhelp@=\toks18
\eqnshift@=\dimen117
\alignsep@=\dimen118
\tagshift@=\dimen119
\tagwidth@=\dimen120
\totwidth@=\dimen121
\lineht@=\dimen122
\@envbody=\toks19
\multlinegap=\skip53
\multlinetaggap=\skip54
\mathdisplay@stack=\toks20
LaTeX Info: Redefining \[ on input line 2665.
LaTeX Info: Redefining \] on input line 2666.
)
("C:\Program Files (x86)\MiKTeX 2.9\tex\latex\amsfonts\amssymb.sty"
Package: amssymb 2013/01/14 v3.01 AMS font symbols

("C:\Program Files (x86)\MiKTeX 2.9\tex\latex\amsfonts\amsfonts.sty"
Package: amsfonts 2013/01/14 v3.01 Basic AMSFonts support
\symAMSa=\mathgroup4
\symAMSb=\mathgroup5
LaTeX Font Info:    Overwriting math alphabet `\mathfrak' in version `bold'
(Font)                  U/euf/m/n --> U/euf/b/n on input line 106.
))
("C:\Program Files (x86)\MiKTeX 2.9\tex\latex\amscls\amsthm.sty"
Package: amsthm 2004/08/06 v2.20
\thm@style=\toks21
\thm@bodyfont=\toks22
\thm@headfont=\toks23
\thm@notefont=\toks24
\thm@headpunct=\toks25
\thm@preskip=\skip55
\thm@postskip=\skip56
\thm@headsep=\skip57
\dth@everypar=\toks26
)
("C:\Program Files (x86)\MiKTeX 2.9\tex\latex\float\float.sty"
Package: float 2001/11/08 v1.3d Float enhancements (AL)
\c@float@type=\count103
\float@exts=\toks27
\float@box=\box28
\@float@everytoks=\toks28
\@floatcapt=\box29
)
("C:\Program Files (x86)\MiKTeX 2.9\tex\latex\footmisc\footmisc.sty"
Package: footmisc 2011/06/06 v5.5b a miscellany of footnote facilities
\FN@temptoken=\toks29
\footnotemargin=\dimen123


LaTeX Warning: Command \@makecol  has changed.
               Check if current package is valid.

\c@pp@next@reset=\count104
Package footmisc Info: Declaring symbol style bringhurst on input line 855.
Package footmisc Info: Declaring symbol style chicago on input line 863.
Package footmisc Info: Declaring symbol style wiley on input line 872.
Package footmisc Info: Declaring symbol style lamport-robust on input line 883.

Package footmisc Info: Declaring symbol style lamport* on input line 903.
Package footmisc Info: Declaring symbol style lamport*-robust on input line 924
.
)
\c@defn=\count105
\c@rmrk=\count106
\c@thrm=\count107
\c@ax=\count108
 ("C:\Program Files (x86)\MiKTeX 2.9\tex\latex\comment\comment.sty"
\CommentStream=\write3

Excluding comment 'comment')
("C:\Users\St. Elmo\Documents\GitHub\Stochastic-Dynamical-Control-Dissertation\
masters.aux"
("C:\Users\St. Elmo\Documents\GitHub\Stochastic-Dynamical-Control-Dissertation\
docs\title_page_mod.aux")
("C:\Users\St. Elmo\Documents\GitHub\Stochastic-Dynamical-Control-Dissertation\
docs\introduction.aux")
("C:\Users\St. Elmo\Documents\GitHub\Stochastic-Dynamical-Control-Dissertation\
docs\lit_back.aux")
("C:\Users\St. Elmo\Documents\GitHub\Stochastic-Dynamical-Control-Dissertation\
docs\hmm.aux")
("C:\Users\St. Elmo\Documents\GitHub\Stochastic-Dynamical-Control-Dissertation\
docs\cstr_model.aux")
("C:\Users\St. Elmo\Documents\GitHub\Stochastic-Dynamical-Control-Dissertation\
docs\linear_models.aux")
("C:\Users\St. Elmo\Documents\GitHub\Stochastic-Dynamical-Control-Dissertation\
docs\nonlinear_models.aux")
("C:\Users\St. Elmo\Documents\GitHub\Stochastic-Dynamical-Control-Dissertation\
docs\linear_control.aux")
("C:\Users\St. Elmo\Documents\GitHub\Stochastic-Dynamical-Control-Dissertation\
docs\linear_hybrid_models.aux")
("C:\Users\St. Elmo\Documents\GitHub\Stochastic-Dynamical-Control-Dissertation\
docs\nonlinear_hybrid_models.aux")
("C:\Users\St. Elmo\Documents\GitHub\Stochastic-Dynamical-Control-Dissertation\
docs\switching_linear_control.aux")
("C:\Users\St. Elmo\Documents\GitHub\Stochastic-Dynamical-Control-Dissertation\
docs\conclusion.aux"))
LaTeX Font Info:    Checking defaults for OML/cmm/m/it on input line 46.
LaTeX Font Info:    ... okay on input line 46.
LaTeX Font Info:    Checking defaults for T1/cmr/m/n on input line 46.
LaTeX Font Info:    ... okay on input line 46.
LaTeX Font Info:    Checking defaults for OT1/cmr/m/n on input line 46.
LaTeX Font Info:    ... okay on input line 46.
LaTeX Font Info:    Checking defaults for OMS/cmsy/m/n on input line 46.
LaTeX Font Info:    ... okay on input line 46.
LaTeX Font Info:    Checking defaults for OMX/cmex/m/n on input line 46.
LaTeX Font Info:    ... okay on input line 46.
LaTeX Font Info:    Checking defaults for U/cmr/m/n on input line 46.
LaTeX Font Info:    ... okay on input line 46.

*geometry* driver: auto-detecting
*geometry* detected driver: pdftex
*geometry* verbose mode - [ preamble ] result:
* driver: pdftex
* paper: a4paper
* layout: <same size as paper>
* layoutoffset:(h,v)=(0.0pt,0.0pt)
* modes: 
* h-part:(L,W,R)=(85.35826pt, 441.01773pt, 71.13188pt)
* v-part:(T,H,B)=(56.9055pt, 731.23584pt, 56.9055pt)
* \paperwidth=597.50787pt
* \paperheight=845.04684pt
* \textwidth=441.01773pt
* \textheight=731.23584pt
* \oddsidemargin=13.08827pt
* \evensidemargin=13.08827pt
* \topmargin=-52.36449pt
* \headheight=12.0pt
* \headsep=25.0pt
* \topskip=11.0pt
* \footskip=30.0pt
* \marginparwidth=59.0pt
* \marginparsep=10.0pt
* \columnsep=10.0pt
* \skip\footins=10.0pt plus 4.0pt minus 2.0pt
* \hoffset=0.0pt
* \voffset=0.0pt
* \mag=1000
* \@twocolumnfalse
* \@twosidefalse
* \@mparswitchfalse
* \@reversemarginfalse
* (1in=72.27pt=25.4mm, 1cm=28.453pt)

("C:\Program Files (x86)\MiKTeX 2.9\tex\context\base\supp-pdf.mkii"
[Loading MPS to PDF converter (version 2006.09.02).]
\scratchcounter=\count109
\scratchdimen=\dimen124
\scratchbox=\box30
\nofMPsegments=\count110
\nofMParguments=\count111
\everyMPshowfont=\toks30
\MPscratchCnt=\count112
\MPscratchDim=\dimen125
\MPnumerator=\count113
\makeMPintoPDFobject=\count114
\everyMPtoPDFconversion=\toks31
)
("C:\Users\St. Elmo\Documents\GitHub\Stochastic-Dynamical-Control-Dissertation\
docs\title_page_mod.tex"
LaTeX Font Info:    Try loading font information for U+msa on input line 29.

("C:\Program Files (x86)\MiKTeX 2.9\tex\latex\amsfonts\umsa.fd"
File: umsa.fd 2013/01/14 v3.01 AMS symbols A
)
LaTeX Font Info:    Try loading font information for U+msb on input line 29.

("C:\Program Files (x86)\MiKTeX 2.9\tex\latex\amsfonts\umsb.fd"
File: umsb.fd 2013/01/14 v3.01 AMS symbols B
) [1


{C:/ProgramData/MiKTeX/2.9/pdftex/config/pdftex.map}])
("C:\Users\St. Elmo\Documents\GitHub\Stochastic-Dynamical-Control-Dissertation\
masters.toc" [1

])
\tf@toc=\write4
 [2]
("C:\Users\St. Elmo\Documents\GitHub\Stochastic-Dynamical-Control-Dissertation\
docs\introduction.tex") [3

]
("C:\Users\St. Elmo\Documents\GitHub\Stochastic-Dynamical-Control-Dissertation\
docs\lit_back.tex" [4


] [5] [6] [7] [8] [9] [10] [11]
<./imgs/dag.pdf, id=59, 180.675pt x 138.5175pt>
File: ./imgs/dag.pdf Graphic file (type pdf)
 <use ./imgs/dag.pdf>
Package pdftex.def Info: ./imgs/dag.pdf used on input line 286.
(pdftex.def)             Requested size: 180.67455pt x 138.51715pt.
 [12 <C:/Users/St. Elmo/Documents/GitHub/Stochastic-Dynamical-Control-Dissertat
ion/imgs/dag.pdf>] [13] <./imgs/bayes_net.pdf, id=68, 331.2375pt x 60.225pt>
File: ./imgs/bayes_net.pdf Graphic file (type pdf)

<use ./imgs/bayes_net.pdf>
Package pdftex.def Info: ./imgs/bayes_net.pdf used on input line 347.
(pdftex.def)             Requested size: 331.23668pt x 60.22484pt.
 [14 <C:/Users/St. Elmo/Documents/GitHub/Stochastic-Dynamical-Control-Dissertat
ion/imgs/bayes_net.pdf>]
<./imgs/dsep.pdf, id=73, 393.47pt x 375.4025pt>
File: ./imgs/dsep.pdf Graphic file (type pdf)
 <use ./imgs/dsep.pdf>
Package pdftex.def Info: ./imgs/dsep.pdf used on input line 376.
(pdftex.def)             Requested size: 196.73451pt x 187.70079pt.
 [15 <C:/Users/St. Elmo/Documents/GitHub/Stochastic-Dynamical-Control-Dissertat
ion/imgs/dsep.pdf>] [16] <./imgs/general_dbn.pdf, id=82, 481.8pt x 150.5625pt>
File: ./imgs/general_dbn.pdf Graphic file (type pdf)

<use ./imgs/general_dbn.pdf>
Package pdftex.def Info: ./imgs/general_dbn.pdf used on input line 429.
(pdftex.def)             Requested size: 385.4405pt x 120.45015pt.

<./imgs/spec_dbn.pdf, id=83, 747.79375pt x 380.42125pt>
File: ./imgs/spec_dbn.pdf Graphic file (type pdf)

<use ./imgs/spec_dbn.pdf>
Package pdftex.def Info: ./imgs/spec_dbn.pdf used on input line 436.
(pdftex.def)             Requested size: 299.1122pt x 152.16579pt.
 [17 <C:/Users/St. Elmo/Documents/GitHub/Stochastic-Dynamical-Control-Dissertat
ion/imgs/general_dbn.pdf>] [18 <C:/Users/St. Elmo/Documents/GitHub/Stochastic-D
ynamical-Control-Dissertation/imgs/spec_dbn.pdf>]
[19] [20] [21] [22] <./imgs/LQG.pdf, id=136, 330.23375pt x 167.62625pt>
File: ./imgs/LQG.pdf Graphic file (type pdf)

<use ./imgs/LQG.pdf>
Package pdftex.def Info: ./imgs/LQG.pdf used on input line 663.
(pdftex.def)             Requested size: 330.23293pt x 167.62582pt.
 [23 <C:/Users/St. Elmo/Documents/GitHub/Stochastic-Dynamical-Control-Dissertat
ion/imgs/LQG.pdf>]) [24]
("C:\Users\St. Elmo\Documents\GitHub\Stochastic-Dynamical-Control-Dissertation\
docs\hmm.tex" <./imgs/hmm_model.pdf, id=147, 210.7875pt x 139.52126pt>
File: ./imgs/hmm_model.pdf Graphic file (type pdf)

<use ./imgs/hmm_model.pdf>
Package pdftex.def Info: ./imgs/hmm_model.pdf used on input line 5.
(pdftex.def)             Requested size: 210.78699pt x 139.5209pt.

<./imgs/markov_chain.pdf, id=148, 331.2375pt x 60.225pt>
File: ./imgs/markov_chain.pdf Graphic file (type pdf)

<use ./imgs/markov_chain.pdf>
Package pdftex.def Info: ./imgs/markov_chain.pdf used on input line 21.
(pdftex.def)             Requested size: 331.23668pt x 60.22484pt.
 [25


 <C:/Users/St. Elmo/Documents/GitHub/Stochastic-Dynamical-Control-Dissertation/
imgs/hmm_model.pdf> <C:/Users/St. Elmo/Documents/GitHub/Stochastic-Dynamical-Co
ntrol-Dissertation/imgs/markov_chain.pdf>]
[26] [27] [28] [29] [30]
<./imgs/burglar_observations.pdf, id=181, 1445.4pt x 708.24597pt>
File: ./imgs/burglar_observations.pdf Graphic file (type pdf)

<use ./imgs/burglar_observations.pdf>
Package pdftex.def Info: ./imgs/burglar_observations.pdf used on input line 194
.
(pdftex.def)             Requested size: 289.07487pt x 141.64668pt.

<./imgs/burglar_inference.pdf, id=182, 1517.67pt x 879.88722pt>
File: ./imgs/burglar_inference.pdf Graphic file (type pdf)

<use ./imgs/burglar_inference.pdf>
Package pdftex.def Info: ./imgs/burglar_inference.pdf used on input line 201.
(pdftex.def)             Requested size: 440.11304pt x 255.16075pt.
 [31 <C:/Users/St. Elmo/Documents/GitHub/Stochastic-Dynamical-Control-Dissertat
ion/imgs/burglar_observations.pdf>]) [32 <C:/Users/St. Elmo/Documents/GitHub/St
ochastic-Dynamical-Control-Dissertation/imgs/burglar_inference.pdf>] [33]
("C:\Users\St. Elmo\Documents\GitHub\Stochastic-Dynamical-Control-Dissertation\
docs\cstr_model.tex"
<./imgs/cstr_diagram.pdf, id=373, 421.575pt x 284.06125pt>
File: ./imgs/cstr_diagram.pdf Graphic file (type pdf)

<use ./imgs/cstr_diagram.pdf>
Package pdftex.def Info: ./imgs/cstr_diagram.pdf used on input line 5.
(pdftex.def)             Requested size: 337.26045pt x 227.24928pt.
 [34


 <C:/Users/St. Elmo/Documents/GitHub/Stochastic-Dynamical-Control-Dissertation/
imgs/cstr_diagram.pdf>]
<./imgs/cstr_model_op_curve.pdf, id=384, 1445.4pt x 708.24597pt>
File: ./imgs/cstr_model_op_curve.pdf Graphic file (type pdf)

<use ./imgs/cstr_model_op_curve.pdf>
Package pdftex.def Info: ./imgs/cstr_model_op_curve.pdf used on input line 72.
(pdftex.def)             Requested size: 433.62335pt x 212.47542pt.
 [35] [36 <C:/Users/St. Elmo/Documents/GitHub/Stochastic-Dynamical-Control-Diss
ertation/imgs/cstr_model_op_curve.pdf>]
<./imgs/cstr_nl_1.pdf, id=438, 1445.4pt x 708.24597pt>
File: ./imgs/cstr_nl_1.pdf Graphic file (type pdf)

<use ./imgs/cstr_nl_1.pdf>
Package pdftex.def Info: ./imgs/cstr_nl_1.pdf used on input line 122.
(pdftex.def)             Requested size: 433.62335pt x 212.47542pt.

<./imgs/cstr_nl_2.pdf, id=439, 1445.4pt x 708.24597pt>
File: ./imgs/cstr_nl_2.pdf Graphic file (type pdf)

<use ./imgs/cstr_nl_2.pdf>
Package pdftex.def Info: ./imgs/cstr_nl_2.pdf used on input line 128.
(pdftex.def)             Requested size: 433.62335pt x 212.47542pt.
 [37 <C:/Users/St. Elmo/Documents/GitHub/Stochastic-Dynamical-Control-Dissertat
ion/imgs/cstr_nl_1.pdf>] [38 <C:/Users/St. Elmo/Documents/GitHub/Stochastic-Dyn
amical-Control-Dissertation/imgs/cstr_nl_2.pdf>]
<./imgs/cstr_lin_1.pdf, id=536, 1445.4pt x 708.24597pt>
File: ./imgs/cstr_lin_1.pdf Graphic file (type pdf)

<use ./imgs/cstr_lin_1.pdf>
Package pdftex.def Info: ./imgs/cstr_lin_1.pdf used on input line 192.
(pdftex.def)             Requested size: 433.62335pt x 212.47542pt.
 [39 <C:/Users/St. Elmo/Documents/GitHub/Stochastic-Dynamical-Control-Dissertat
ion/imgs/cstr_lin_1.pdf>]
<./imgs/cstr_lin_2.pdf, id=593, 1445.4pt x 708.24597pt>
File: ./imgs/cstr_lin_2.pdf Graphic file (type pdf)

<use ./imgs/cstr_lin_2.pdf>
Package pdftex.def Info: ./imgs/cstr_lin_2.pdf used on input line 201.
(pdftex.def)             Requested size: 433.62335pt x 212.47542pt.

<./imgs/cstr_lin_3.pdf, id=594, 1445.4pt x 708.24597pt>
File: ./imgs/cstr_lin_3.pdf Graphic file (type pdf)

<use ./imgs/cstr_lin_3.pdf>
Package pdftex.def Info: ./imgs/cstr_lin_3.pdf used on input line 210.
(pdftex.def)             Requested size: 433.62335pt x 212.47542pt.
 [40 <C:/Users/St. Elmo/Documents/GitHub/Stochastic-Dynamical-Control-Dissertat
ion/imgs/cstr_lin_2.pdf>]
<./imgs/cstr_lin_4.pdf, id=652, 1445.4pt x 708.24597pt>
File: ./imgs/cstr_lin_4.pdf Graphic file (type pdf)

<use ./imgs/cstr_lin_4.pdf>
Package pdftex.def Info: ./imgs/cstr_lin_4.pdf used on input line 217.
(pdftex.def)             Requested size: 433.62335pt x 212.47542pt.
 [41 <C:/Users/St. Elmo/Documents/GitHub/Stochastic-Dynamical-Control-Dissertat
ion/imgs/cstr_lin_3.pdf> <C:/Users/St. Elmo/Documents/GitHub/Stochastic-Dynamic
al-Control-Dissertation/imgs/cstr_lin_4.pdf

pdfTeX warning: pdflatex (file C:/Users/St. Elmo/Documents/GitHub/Stochastic-Dy
namical-Control-Dissertation/imgs/cstr_lin_4.pdf): PDF inclusion: multiple pdfs
 with page group included in a single page
>] <./imgs/cstr_lin_many.pdf, id=761, 1445.4pt x 708.24597pt>
File: ./imgs/cstr_lin_many.pdf Graphic file (type pdf)

<use ./imgs/cstr_lin_many.pdf>
Package pdftex.def Info: ./imgs/cstr_lin_many.pdf used on input line 226.
(pdftex.def)             Requested size: 433.62335pt x 212.47542pt.

<./imgs/cstr_regions1.pdf, id=762, 1445.4pt x 708.24597pt>
File: ./imgs/cstr_regions1.pdf Graphic file (type pdf)

<use ./imgs/cstr_regions1.pdf>
Package pdftex.def Info: ./imgs/cstr_regions1.pdf used on input line 237.
(pdftex.def)             Requested size: 433.62335pt x 212.47542pt.

<./imgs/cstr_regions3.pdf, id=763, 1445.4pt x 708.24597pt>
File: ./imgs/cstr_regions3.pdf Graphic file (type pdf)

<use ./imgs/cstr_regions3.pdf>
Package pdftex.def Info: ./imgs/cstr_regions3.pdf used on input line 243.
(pdftex.def)             Requested size: 433.62335pt x 212.47542pt.
 [42 <C:/Users/St. Elmo/Documents/GitHub/Stochastic-Dynamical-Control-Dissertat
ion/imgs/cstr_lin_many.pdf>]
<./imgs/cstr_regions2.pdf, id=821, 1445.4pt x 708.24597pt>
File: ./imgs/cstr_regions2.pdf Graphic file (type pdf)

<use ./imgs/cstr_regions2.pdf>
Package pdftex.def Info: ./imgs/cstr_regions2.pdf used on input line 249.
(pdftex.def)             Requested size: 433.62335pt x 212.47542pt.
 [43 <C:/Users/St. Elmo/Documents/GitHub/Stochastic-Dynamical-Control-Dissertat
ion/imgs/cstr_regions1.pdf> <C:/Users/St. Elmo/Documents/GitHub/Stochastic-Dyna
mical-Control-Dissertation/imgs/cstr_regions3.pdf

pdfTeX warning: pdflatex (file C:/Users/St. Elmo/Documents/GitHub/Stochastic-Dy
namical-Control-Dissertation/imgs/cstr_regions3.pdf): PDF inclusion: multiple p
dfs with page group included in a single page
>]) [44 <C:/Users/St. Elmo/Documents/GitHub/Stochastic-Dynamical-Control-Disser
tation/imgs/cstr_regions2.pdf>]
("C:\Users\St. Elmo\Documents\GitHub\Stochastic-Dynamical-Control-Dissertation\
docs\linear_models.tex"
<./imgs/linear_model.pdf, id=1318, 271.0125pt x 211.79124pt>
File: ./imgs/linear_model.pdf Graphic file (type pdf)

<use ./imgs/linear_model.pdf>
Package pdftex.def Info: ./imgs/linear_model.pdf used on input line 6.
(pdftex.def)             Requested size: 271.01183pt x 211.79073pt.
 [45


 <C:/Users/St. Elmo/Documents/GitHub/Stochastic-Dynamical-Control-Dissertation/
imgs/linear_model.pdf>] [46] [47] [48]
[49] <./imgs/kalman_filter_timeseries_M1.pdf, id=1347, 1445.4pt x 708.24597pt>
File: ./imgs/kalman_filter_timeseries_M1.pdf Graphic file (type pdf)

<use ./imgs/kalman_filter_timeseries_M1.pdf>
Package pdftex.def Info: ./imgs/kalman_filter_timeseries_M1.pdf used on input l
ine 201.
(pdftex.def)             Requested size: 433.62335pt x 212.47542pt.
 [50]
<./imgs/kalman_filter_phase_M1.pdf, id=1351, 1445.4pt x 708.24597pt>
File: ./imgs/kalman_filter_phase_M1.pdf Graphic file (type pdf)

<use ./imgs/kalman_filter_phase_M1.pdf>
Package pdftex.def Info: ./imgs/kalman_filter_phase_M1.pdf used on input line 2
12.
(pdftex.def)             Requested size: 433.62335pt x 212.47542pt.
 [51 <C:/Users/St. Elmo/Documents/GitHub/Stochastic-Dynamical-Control-Dissertat
ion/imgs/kalman_filter_timeseries_M1.pdf>] <./imgs/kalman_filter_timeseries_M2.
pdf, id=1410, 1445.4pt x 708.24597pt>
File: ./imgs/kalman_filter_timeseries_M2.pdf Graphic file (type pdf)

<use ./imgs/kalman_filter_timeseries_M2.pdf>
Package pdftex.def Info: ./imgs/kalman_filter_timeseries_M2.pdf used on input l
ine 225.
(pdftex.def)             Requested size: 433.62335pt x 212.47542pt.

<./imgs/kalman_filter_phase_M2.pdf, id=1411, 1445.4pt x 708.24597pt>
File: ./imgs/kalman_filter_phase_M2.pdf Graphic file (type pdf)

<use ./imgs/kalman_filter_phase_M2.pdf>
Package pdftex.def Info: ./imgs/kalman_filter_phase_M2.pdf used on input line 2
31.
(pdftex.def)             Requested size: 433.62335pt x 212.47542pt.
 [52 <C:/Users/St. Elmo/Documents/GitHub/Stochastic-Dynamical-Control-Dissertat
ion/imgs/kalman_filter_phase_M1.pdf> <C:/Users/St. Elmo/Documents/GitHub/Stocha
stic-Dynamical-Control-Dissertation/imgs/kalman_filter_timeseries_M2.pdf

pdfTeX warning: pdflatex (file C:/Users/St. Elmo/Documents/GitHub/Stochastic-Dy
namical-Control-Dissertation/imgs/kalman_filter_timeseries_M2.pdf): PDF inclusi
on: multiple pdfs with page group included in a single page
>]) [53 <C:/Users/St. Elmo/Documents/GitHub/Stochastic-Dynamical-Control-Disser
tation/imgs/kalman_filter_phase_M2.pdf>]
("C:\Users\St. Elmo\Documents\GitHub\Stochastic-Dynamical-Control-Dissertation\
docs\nonlinear_models.tex"
File: ./imgs/linear_model.pdf Graphic file (type pdf)
 <use ./imgs/linear_model.pdf>
Package pdftex.def Info: ./imgs/linear_model.pdf used on input line 6.
(pdftex.def)             Requested size: 271.01183pt x 211.79073pt.
 [54


] [55] [56]
[57] [58] [59] <./imgs/pf_m1_time.pdf, id=1610, 1445.4pt x 708.24597pt>
File: ./imgs/pf_m1_time.pdf Graphic file (type pdf)

<use ./imgs/pf_m1_time.pdf>
Package pdftex.def Info: ./imgs/pf_m1_time.pdf used on input line 213.
(pdftex.def)             Requested size: 433.62335pt x 212.47542pt.
 [60]
<./imgs/pf_m1_phase.pdf, id=1615, 1445.4pt x 708.24597pt>
File: ./imgs/pf_m1_phase.pdf Graphic file (type pdf)

<use ./imgs/pf_m1_phase.pdf>
Package pdftex.def Info: ./imgs/pf_m1_phase.pdf used on input line 220.
(pdftex.def)             Requested size: 433.62335pt x 212.47542pt.

<./imgs/pf_m2_time.pdf, id=1616, 1445.4pt x 708.24597pt>
File: ./imgs/pf_m2_time.pdf Graphic file (type pdf)

<use ./imgs/pf_m2_time.pdf>
Package pdftex.def Info: ./imgs/pf_m2_time.pdf used on input line 227.
(pdftex.def)             Requested size: 433.62335pt x 212.47542pt.
 [61 <C:/Users/St. Elmo/Documents/GitHub/Stochastic-Dynamical-Control-Dissertat
ion/imgs/pf_m1_time.pdf> <C:/Users/St. Elmo/Documents/GitHub/Stochastic-Dynamic
al-Control-Dissertation/imgs/pf_m1_phase.pdf

pdfTeX warning: pdflatex (file C:/Users/St. Elmo/Documents/GitHub/Stochastic-Dy
namical-Control-Dissertation/imgs/pf_m1_phase.pdf): PDF inclusion: multiple pdf
s with page group included in a single page
>] <./imgs/pf_m2_phase.pdf, id=1733, 1445.4pt x 708.24597pt>
File: ./imgs/pf_m2_phase.pdf Graphic file (type pdf)

<use ./imgs/pf_m2_phase.pdf>
Package pdftex.def Info: ./imgs/pf_m2_phase.pdf used on input line 234.
(pdftex.def)             Requested size: 433.62335pt x 212.47542pt.

<./imgs/pf_kf_time.pdf, id=1734, 1445.4pt x 708.24597pt>
File: ./imgs/pf_kf_time.pdf Graphic file (type pdf)

<use ./imgs/pf_kf_time.pdf>
Package pdftex.def Info: ./imgs/pf_kf_time.pdf used on input line 241.
(pdftex.def)             Requested size: 433.62335pt x 212.47542pt.
 [62 <C:/Users/St. Elmo/Documents/GitHub/Stochastic-Dynamical-Control-Dissertat
ion/imgs/pf_m2_time.pdf> <C:/Users/St. Elmo/Documents/GitHub/Stochastic-Dynamic
al-Control-Dissertation/imgs/pf_m2_phase.pdf

pdfTeX warning: pdflatex (file C:/Users/St. Elmo/Documents/GitHub/Stochastic-Dy
namical-Control-Dissertation/imgs/pf_m2_phase.pdf): PDF inclusion: multiple pdf
s with page group included in a single page
>] <./imgs/pf_kf_phase.pdf, id=1851, 1445.4pt x 708.24597pt>
File: ./imgs/pf_kf_phase.pdf Graphic file (type pdf)

<use ./imgs/pf_kf_phase.pdf>
Package pdftex.def Info: ./imgs/pf_kf_phase.pdf used on input line 248.
(pdftex.def)             Requested size: 433.62335pt x 212.47542pt.
) [63 <C:/Users/St. Elmo/Documents/GitHub/Stochastic-Dynamical-Control-Disserta
tion/imgs/pf_kf_time.pdf> <C:/Users/St. Elmo/Documents/GitHub/Stochastic-Dynami
cal-Control-Dissertation/imgs/pf_kf_phase.pdf

pdfTeX warning: pdflatex (file C:/Users/St. Elmo/Documents/GitHub/Stochastic-Dy
namical-Control-Dissertation/imgs/pf_kf_phase.pdf): PDF inclusion: multiple pdf
s with page group included in a single page
>] [64]
("C:\Users\St. Elmo\Documents\GitHub\Stochastic-Dynamical-Control-Dissertation\
docs\linear_control.tex" [65


] [66] [67] [68] [69] [70] [71] [72] [73]) [74]
("C:\Users\St. Elmo\Documents\GitHub\Stochastic-Dynamical-Control-Dissertation\
docs\linear_hybrid_models.tex"
<./imgs/hybrid_model.pdf, id=2005, 301.125pt x 241.90375pt>
File: ./imgs/hybrid_model.pdf Graphic file (type pdf)

<use ./imgs/hybrid_model.pdf>
Package pdftex.def Info: ./imgs/hybrid_model.pdf used on input line 5.
(pdftex.def)             Requested size: 301.12425pt x 241.90315pt.
 [75


 <C:/Users/St. Elmo/Documents/GitHub/Stochastic-Dynamical-Control-Dissertation/
imgs/hybrid_model.pdf>] [76] [77] [78]
<./imgs/skf_s3_s.pdf, id=2034, 1445.4pt x 708.24597pt>
File: ./imgs/skf_s3_s.pdf Graphic file (type pdf)

<use ./imgs/skf_s3_s.pdf>
Package pdftex.def Info: ./imgs/skf_s3_s.pdf used on input line 96.
(pdftex.def)             Requested size: 433.62335pt x 212.47542pt.

<./imgs/skf_s3_w.pdf, id=2035, 1445.4pt x 708.24597pt>
File: ./imgs/skf_s3_w.pdf Graphic file (type pdf)

<use ./imgs/skf_s3_w.pdf>
Package pdftex.def Info: ./imgs/skf_s3_w.pdf used on input line 103.
(pdftex.def)             Requested size: 433.62335pt x 212.47542pt.
 [79 <C:/Users/St. Elmo/Documents/GitHub/Stochastic-Dynamical-Control-Dissertat
ion/imgs/skf_s3_s.pdf>]
<./imgs/skf_s3_t.pdf, id=2088, 1445.4pt x 708.24597pt>
File: ./imgs/skf_s3_t.pdf Graphic file (type pdf)

<use ./imgs/skf_s3_t.pdf>
Package pdftex.def Info: ./imgs/skf_s3_t.pdf used on input line 110.
(pdftex.def)             Requested size: 433.62335pt x 212.47542pt.

<./imgs/skf_s3_s_w.pdf, id=2089, 1445.4pt x 708.24597pt>
File: ./imgs/skf_s3_s_w.pdf Graphic file (type pdf)

<use ./imgs/skf_s3_s_w.pdf>
Package pdftex.def Info: ./imgs/skf_s3_s_w.pdf used on input line 119.
(pdftex.def)             Requested size: 433.62335pt x 212.47542pt.
 [80 <C:/Users/St. Elmo/Documents/GitHub/Stochastic-Dynamical-Control-Dissertat
ion/imgs/skf_s3_w.pdf> <C:/Users/St. Elmo/Documents/GitHub/Stochastic-Dynamical
-Control-Dissertation/imgs/skf_s3_t.pdf

pdfTeX warning: pdflatex (file C:/Users/St. Elmo/Documents/GitHub/Stochastic-Dy
namical-Control-Dissertation/imgs/skf_s3_t.pdf): PDF inclusion: multiple pdfs w
ith page group included in a single page
>] <./imgs/skf_s3_w_w.pdf, id=2438, 1445.4pt x 708.24597pt>
File: ./imgs/skf_s3_w_w.pdf Graphic file (type pdf)

<use ./imgs/skf_s3_w_w.pdf>
Package pdftex.def Info: ./imgs/skf_s3_w_w.pdf used on input line 126.
(pdftex.def)             Requested size: 433.62335pt x 212.47542pt.

<./imgs/skf_s3_t_w.pdf, id=2439, 1445.4pt x 708.24597pt>
File: ./imgs/skf_s3_t_w.pdf Graphic file (type pdf)

<use ./imgs/skf_s3_t_w.pdf>
Package pdftex.def Info: ./imgs/skf_s3_t_w.pdf used on input line 132.
(pdftex.def)             Requested size: 433.62335pt x 212.47542pt.
 [81 <C:/Users/St. Elmo/Documents/GitHub/Stochastic-Dynamical-Control-Dissertat
ion/imgs/skf_s3_s_w.pdf> <C:/Users/St. Elmo/Documents/GitHub/Stochastic-Dynamic
al-Control-Dissertation/imgs/skf_s3_w_w.pdf

pdfTeX warning: pdflatex (file C:/Users/St. Elmo/Documents/GitHub/Stochastic-Dy
namical-Control-Dissertation/imgs/skf_s3_w_w.pdf): PDF inclusion: multiple pdfs
 with page group included in a single page
>] <./imgs/skf_s7_s_m1.pdf, id=2786, 1445.4pt x 708.24597pt>
File: ./imgs/skf_s7_s_m1.pdf Graphic file (type pdf)

<use ./imgs/skf_s7_s_m1.pdf>
Package pdftex.def Info: ./imgs/skf_s7_s_m1.pdf used on input line 141.
(pdftex.def)             Requested size: 433.62335pt x 212.47542pt.

<./imgs/skf_s7_w_m1.pdf, id=2787, 1445.4pt x 708.24597pt>
File: ./imgs/skf_s7_w_m1.pdf Graphic file (type pdf)

<use ./imgs/skf_s7_w_m1.pdf>
Package pdftex.def Info: ./imgs/skf_s7_w_m1.pdf used on input line 148.
(pdftex.def)             Requested size: 433.62335pt x 212.47542pt.
 [82 <C:/Users/St. Elmo/Documents/GitHub/Stochastic-Dynamical-Control-Dissertat
ion/imgs/skf_s3_t_w.pdf> <C:/Users/St. Elmo/Documents/GitHub/Stochastic-Dynamic
al-Control-Dissertation/imgs/skf_s7_s_m1.pdf

pdfTeX warning: pdflatex (file C:/Users/St. Elmo/Documents/GitHub/Stochastic-Dy
namical-Control-Dissertation/imgs/skf_s7_s_m1.pdf): PDF inclusion: multiple pdf
s with page group included in a single page
>] <./imgs/skf_s7_t_m1.pdf, id=2889, 1445.4pt x 708.24597pt>
File: ./imgs/skf_s7_t_m1.pdf Graphic file (type pdf)

<use ./imgs/skf_s7_t_m1.pdf>
Package pdftex.def Info: ./imgs/skf_s7_t_m1.pdf used on input line 155.
(pdftex.def)             Requested size: 433.62335pt x 212.47542pt.

<./imgs/skf_s7_p_m1.pdf, id=2890, 1445.4pt x 708.24597pt>
File: ./imgs/skf_s7_p_m1.pdf Graphic file (type pdf)

<use ./imgs/skf_s7_p_m1.pdf>
Package pdftex.def Info: ./imgs/skf_s7_p_m1.pdf used on input line 162.
(pdftex.def)             Requested size: 433.62335pt x 212.47542pt.
 [83 <C:/Users/St. Elmo/Documents/GitHub/Stochastic-Dynamical-Control-Dissertat
ion/imgs/skf_s7_w_m1.pdf> <C:/Users/St. Elmo/Documents/GitHub/Stochastic-Dynami
cal-Control-Dissertation/imgs/skf_s7_t_m1.pdf

pdfTeX warning: pdflatex (file C:/Users/St. Elmo/Documents/GitHub/Stochastic-Dy
namical-Control-Dissertation/imgs/skf_s7_t_m1.pdf): PDF inclusion: multiple pdf
s with page group included in a single page
>] <./imgs/skf_s7_s_m2.pdf, id=3253, 1445.4pt x 708.24597pt>
File: ./imgs/skf_s7_s_m2.pdf Graphic file (type pdf)

<use ./imgs/skf_s7_s_m2.pdf>
Package pdftex.def Info: ./imgs/skf_s7_s_m2.pdf used on input line 173.
(pdftex.def)             Requested size: 433.62335pt x 212.47542pt.
 [84 <C:/Users/St. Elmo/Documents/GitHub/Stochastic-Dynamical-Control-Dissertat
ion/imgs/skf_s7_p_m1.pdf>]
<./imgs/skf_s7_w_m2.pdf, id=3320, 1445.4pt x 708.24597pt>
File: ./imgs/skf_s7_w_m2.pdf Graphic file (type pdf)

<use ./imgs/skf_s7_w_m2.pdf>
Package pdftex.def Info: ./imgs/skf_s7_w_m2.pdf used on input line 180.
(pdftex.def)             Requested size: 433.62335pt x 212.47542pt.

<./imgs/skf_s7_t_m2.pdf, id=3321, 1445.4pt x 708.24597pt>
File: ./imgs/skf_s7_t_m2.pdf Graphic file (type pdf)

<use ./imgs/skf_s7_t_m2.pdf>
Package pdftex.def Info: ./imgs/skf_s7_t_m2.pdf used on input line 187.
(pdftex.def)             Requested size: 433.62335pt x 212.47542pt.
 [85 <C:/Users/St. Elmo/Documents/GitHub/Stochastic-Dynamical-Control-Dissertat
ion/imgs/skf_s7_s_m2.pdf> <C:/Users/St. Elmo/Documents/GitHub/Stochastic-Dynami
cal-Control-Dissertation/imgs/skf_s7_w_m2.pdf

pdfTeX warning: pdflatex (file C:/Users/St. Elmo/Documents/GitHub/Stochastic-Dy
namical-Control-Dissertation/imgs/skf_s7_w_m2.pdf): PDF inclusion: multiple pdf
s with page group included in a single page
>] <./imgs/skf_s7_p_m2.pdf, id=3685, 1445.4pt x 708.24597pt>
File: ./imgs/skf_s7_p_m2.pdf Graphic file (type pdf)

<use ./imgs/skf_s7_p_m2.pdf>
Package pdftex.def Info: ./imgs/skf_s7_p_m2.pdf used on input line 194.
(pdftex.def)             Requested size: 433.62335pt x 212.47542pt.

<./imgs/skf_s7_t_m2_b.pdf, id=3686, 1445.4pt x 708.24597pt>
File: ./imgs/skf_s7_t_m2_b.pdf Graphic file (type pdf)

<use ./imgs/skf_s7_t_m2_b.pdf>
Package pdftex.def Info: ./imgs/skf_s7_t_m2_b.pdf used on input line 205.
(pdftex.def)             Requested size: 433.62335pt x 212.47542pt.
 [86 <C:/Users/St. Elmo/Documents/GitHub/Stochastic-Dynamical-Control-Dissertat
ion/imgs/skf_s7_t_m2.pdf> <C:/Users/St. Elmo/Documents/GitHub/Stochastic-Dynami
cal-Control-Dissertation/imgs/skf_s7_p_m2.pdf

pdfTeX warning: pdflatex (file C:/Users/St. Elmo/Documents/GitHub/Stochastic-Dy
namical-Control-Dissertation/imgs/skf_s7_p_m2.pdf): PDF inclusion: multiple pdf
s with page group included in a single page
>] <./imgs/skf_s7_p_m2_b.pdf, id=3804, 1445.4pt x 708.24597pt>
File: ./imgs/skf_s7_p_m2_b.pdf Graphic file (type pdf)

<use ./imgs/skf_s7_p_m2_b.pdf>
Package pdftex.def Info: ./imgs/skf_s7_p_m2_b.pdf used on input line 212.
(pdftex.def)             Requested size: 433.62335pt x 212.47542pt.
) [87 <C:/Users/St. Elmo/Documents/GitHub/Stochastic-Dynamical-Control-Disserta
tion/imgs/skf_s7_t_m2_b.pdf> <C:/Users/St. Elmo/Documents/GitHub/Stochastic-Dyn
amical-Control-Dissertation/imgs/skf_s7_p_m2_b.pdf

pdfTeX warning: pdflatex (file C:/Users/St. Elmo/Documents/GitHub/Stochastic-Dy
namical-Control-Dissertation/imgs/skf_s7_p_m2_b.pdf): PDF inclusion: multiple p
dfs with page group included in a single page
>] [88]
("C:\Users\St. Elmo\Documents\GitHub\Stochastic-Dynamical-Control-Dissertation\
docs\nonlinear_hybrid_models.tex"
File: ./imgs/hybrid_model.pdf Graphic file (type pdf)
 <use ./imgs/hybrid_model.pdf>
Package pdftex.def Info: ./imgs/hybrid_model.pdf used on input line 5.
(pdftex.def)             Requested size: 301.12425pt x 241.90315pt.
 [89


] [90]
<./imgs/spf_m1_s.pdf, id=3929, 1445.4pt x 708.24597pt>
File: ./imgs/spf_m1_s.pdf Graphic file (type pdf)

<use ./imgs/spf_m1_s.pdf>
Package pdftex.def Info: ./imgs/spf_m1_s.pdf used on input line 72.
(pdftex.def)             Requested size: 433.62335pt x 212.47542pt.
 [91]
<./imgs/spf_m1_t.pdf, id=3933, 1445.4pt x 708.24597pt>
File: ./imgs/spf_m1_t.pdf Graphic file (type pdf)

<use ./imgs/spf_m1_t.pdf>
Package pdftex.def Info: ./imgs/spf_m1_t.pdf used on input line 81.
(pdftex.def)             Requested size: 433.62335pt x 212.47542pt.
 [92 <C:/Users/St. Elmo/Documents/GitHub/Stochastic-Dynamical-Control-Dissertat
ion/imgs/spf_m1_s.pdf> <C:/Users/St. Elmo/Documents/GitHub/Stochastic-Dynamical
-Control-Dissertation/imgs/spf_m1_t.pdf

pdfTeX warning: pdflatex (file C:/Users/St. Elmo/Documents/GitHub/Stochastic-Dy
namical-Control-Dissertation/imgs/spf_m1_t.pdf): PDF inclusion: multiple pdfs w
ith page group included in a single page
>] <./imgs/spf_m2_s.pdf, id=4281, 1445.4pt x 708.24597pt>
File: ./imgs/spf_m2_s.pdf Graphic file (type pdf)

<use ./imgs/spf_m2_s.pdf>
Package pdftex.def Info: ./imgs/spf_m2_s.pdf used on input line 90.
(pdftex.def)             Requested size: 433.62335pt x 212.47542pt.

<./imgs/spf_m2_t.pdf, id=4282, 1445.4pt x 708.24597pt>
File: ./imgs/spf_m2_t.pdf Graphic file (type pdf)

<use ./imgs/spf_m2_t.pdf>
Package pdftex.def Info: ./imgs/spf_m2_t.pdf used on input line 97.
(pdftex.def)             Requested size: 433.62335pt x 212.47542pt.

<./imgs/spf_m1_m2.pdf, id=4283, 1445.4pt x 708.24597pt>
File: ./imgs/spf_m1_m2.pdf Graphic file (type pdf)

<use ./imgs/spf_m1_m2.pdf>
Package pdftex.def Info: ./imgs/spf_m1_m2.pdf used on input line 104.
(pdftex.def)             Requested size: 433.62335pt x 212.47542pt.
 [93 <C:/Users/St. Elmo/Documents/GitHub/Stochastic-Dynamical-Control-Dissertat
ion/imgs/spf_m2_s.pdf> <C:/Users/St. Elmo/Documents/GitHub/Stochastic-Dynamical
-Control-Dissertation/imgs/spf_m2_t.pdf

pdfTeX warning: pdflatex (file C:/Users/St. Elmo/Documents/GitHub/Stochastic-Dy
namical-Control-Dissertation/imgs/spf_m2_t.pdf): PDF inclusion: multiple pdfs w
ith page group included in a single page
>]) [94 <C:/Users/St. Elmo/Documents/GitHub/Stochastic-Dynamical-Control-Disser
tation/imgs/spf_m1_m2.pdf>]
("C:\Users\St. Elmo\Documents\GitHub\Stochastic-Dynamical-Control-Dissertation\
docs\switching_linear_control.tex") [95


]
("C:\Users\St. Elmo\Documents\GitHub\Stochastic-Dynamical-Control-Dissertation\
docs\conclusion.tex") [96


]
("C:\Users\St. Elmo\Documents\GitHub\Stochastic-Dynamical-Control-Dissertation\
masters.bbl" [97

] [98] [99]) [100]
("C:\Users\St. Elmo\Documents\GitHub\Stochastic-Dynamical-Control-Dissertation\
masters.aux"
("C:\Users\St. Elmo\Documents\GitHub\Stochastic-Dynamical-Control-Dissertation\
docs\title_page_mod.aux")
("C:\Users\St. Elmo\Documents\GitHub\Stochastic-Dynamical-Control-Dissertation\
docs\introduction.aux")
("C:\Users\St. Elmo\Documents\GitHub\Stochastic-Dynamical-Control-Dissertation\
docs\lit_back.aux")
("C:\Users\St. Elmo\Documents\GitHub\Stochastic-Dynamical-Control-Dissertation\
docs\hmm.aux")
("C:\Users\St. Elmo\Documents\GitHub\Stochastic-Dynamical-Control-Dissertation\
docs\cstr_model.aux")
("C:\Users\St. Elmo\Documents\GitHub\Stochastic-Dynamical-Control-Dissertation\
docs\linear_models.aux")
("C:\Users\St. Elmo\Documents\GitHub\Stochastic-Dynamical-Control-Dissertation\
docs\nonlinear_models.aux")
("C:\Users\St. Elmo\Documents\GitHub\Stochastic-Dynamical-Control-Dissertation\
docs\linear_control.aux")
("C:\Users\St. Elmo\Documents\GitHub\Stochastic-Dynamical-Control-Dissertation\
docs\linear_hybrid_models.aux")
("C:\Users\St. Elmo\Documents\GitHub\Stochastic-Dynamical-Control-Dissertation\
docs\nonlinear_hybrid_models.aux")
("C:\Users\St. Elmo\Documents\GitHub\Stochastic-Dynamical-Control-Dissertation\
docs\switching_linear_control.aux")
("C:\Users\St. Elmo\Documents\GitHub\Stochastic-Dynamical-Control-Dissertation\
docs\conclusion.aux")) ) 
Here is how much of TeX's memory you used:
 3633 strings out of 493921
 57884 string characters out of 3144868
 116823 words of memory out of 3000000
 6733 multiletter control sequences out of 15000+200000
 19472 words of font info for 73 fonts, out of 3000000 for 9000
 841 hyphenation exceptions out of 8191
 27i,15n,43p,1533b,310s stack positions out of 5000i,500n,10000p,200000b,50000s
<C:/Program Files (x86)/MiKTeX 2.9/fonts/type1/public/a
msfonts/cm/cmbx10.pfb><C:/Program Files (x86)/MiKTeX 2.9/fonts/type1/public/ams
fonts/cm/cmbx12.pfb><C:/Program Files (x86)/MiKTeX 2.9/fonts/type1/public/amsfo
nts/cm/cmbx8.pfb><C:/Program Files (x86)/MiKTeX 2.9/fonts/type1/public/amsfonts
/cm/cmcsc10.pfb><C:/Program Files (x86)/MiKTeX 2.9/fonts/type1/public/amsfonts/
cm/cmex10.pfb><C:/Program Files (x86)/MiKTeX 2.9/fonts/type1/public/amsfonts/cm
extra/cmex8.pfb><C:/Program Files (x86)/MiKTeX 2.9/fonts/type1/public/amsfonts/
cmextra/cmex9.pfb><C:/Program Files (x86)/MiKTeX 2.9/fonts/type1/public/amsfont
s/cm/cmmi10.pfb><C:/Program Files (x86)/MiKTeX 2.9/fonts/type1/public/amsfonts/
cm/cmmi6.pfb><C:/Program Files (x86)/MiKTeX 2.9/fonts/type1/public/amsfonts/cm/
cmmi8.pfb><C:/Program Files (x86)/MiKTeX 2.9/fonts/type1/public/amsfonts/cm/cmm
i9.pfb><C:/Program Files (x86)/MiKTeX 2.9/fonts/type1/public/amsfonts/cm/cmr10.
pfb><C:/Program Files (x86)/MiKTeX 2.9/fonts/type1/public/amsfonts/cm/cmr12.pfb
><C:/Program Files (x86)/MiKTeX 2.9/fonts/type1/public/amsfonts/cm/cmr6.pfb><C:
/Program Files (x86)/MiKTeX 2.9/fonts/type1/public/amsfonts/cm/cmr8.pfb><C:/Pro
gram Files (x86)/MiKTeX 2.9/fonts/type1/public/amsfonts/cm/cmr9.pfb><C:/Program
 Files (x86)/MiKTeX 2.9/fonts/type1/public/amsfonts/cm/cmsy10.pfb><C:/Program F
iles (x86)/MiKTeX 2.9/fonts/type1/public/amsfonts/cm/cmsy6.pfb><C:/Program File
s (x86)/MiKTeX 2.9/fonts/type1/public/amsfonts/cm/cmsy8.pfb><C:/Program Files (
x86)/MiKTeX 2.9/fonts/type1/public/amsfonts/cm/cmsy9.pfb><C:/Program Files (x86
)/MiKTeX 2.9/fonts/type1/public/amsfonts/cm/cmti10.pfb><C:/Program Files (x86)/
MiKTeX 2.9/fonts/type1/public/amsfonts/cm/cmti12.pfb><C:/Program Files (x86)/Mi
KTeX 2.9/fonts/type1/public/amsfonts/symbols/msam10.pfb><C:/Program Files (x86)
/MiKTeX 2.9/fonts/type1/public/amsfonts/symbols/msbm10.pfb>
Output written on masters.pdf (101 pages, 2805854 bytes).
PDF statistics:
 4792 PDF objects out of 5155 (max. 8388607)
 0 named destinations out of 1000 (max. 500000)
 276 words of extra memory for PDF output out of 10000 (max. 10000000)

